<?xml version="1.0" encoding="utf-8"?><testsuites name="pytest tests"><testsuite name="pytest" errors="0" failures="0" skipped="0" tests="19" time="3.662" timestamp="2026-09-19T12:56:32.958559+00:00" hostname="agent-env-9dfe7bd4-7b2a-42f2-8d33-30c75693ab05"><testcase classname="tests.backend_test.TestAuth" name="test_login_success" time="0.418" /><testcase classname="tests.backend_test.TestAuth" name="test_login_wrong_password" time="0.489" /><testcase classname="tests.backend_test.TestReads" name="test_users_list" time="0.929" /><testcase classname="tests.backend_test.TestAuth" name="test_me_requires_auth" time="0.113" /><testcase classname="tests.backend_test.TestReads" name="test_positions_seeded" time="0.071" /><testcase classname="tests.backend_test.TestReads" name="test_rules_seeded" time="0.072" /><testcase classname="tests.backend_test.TestReads" name="test_leaderboard" time="0.292" /><testcase classname="tests.backend_test.TestAuth" name="test_me_with_cookie" time="0.398" /><testcase classname="tests.backend_test.TestReads" name="test_patch_notes" time="0.117" /><testcase classname="tests.backend_test.TestAuth" name="test_register_duplicate" time="0.117" /><testcase classname="tests.backend_test.TestMatches" name="test_matches_list" time="0.077" /><testcase classname="tests.backend_test.TestAuth" name="test_register_new_and_login" time="0.682" /><testcase classname="tests.backend_test.TestMatches" name="test_create_match_too_few" time="0.318" /><testcase classname="tests.backend_test.TestMatches" name="test_create_match_duplicate_placement" time="0.343" /><testcase classname="tests.backend_test.TestRulesCRUD" name="test_create_and_delete_rule" time="0.127" /><testcase classname="tests.backend_test.TestMatches" name="test_create_match_and_comment" time="0.651" /><testcase classname="tests.backend_test.TestRulesCRUD" name="test_cannot_delete_others_rule" time="0.531" /><testcase classname="tests.backend_test.TestMatches" name="test_match_detail_has_rules" time="0.276" /><testcase classname="tests.backend_test.TestPatchNotes" name="test_add_patch_note" time="0.112" /></testsuite></testsuites>