<?xml version="1.0" encoding="utf-8"?><testsuites name="pytest tests"><testsuite name="pytest" errors="0" failures="0" skipped="0" tests="25" time="4.472" timestamp="2026-09-20T12:59:13.755976+00:00" hostname="agent-env-9dfe7bd4-7b2a-42f2-8d33-30c75693ab05"><testcase classname="tests.backend_test.TestAuth" name="test_login_success" time="0.622" /><testcase classname="tests.backend_test.TestTurn10" name="test_leaderboard_shape" time="0.625" /><testcase classname="tests.backend_test.TestAuth" name="test_login_wrong_password" time="0.344" /><testcase classname="tests.backend_test.TestTurn10" name="test_awards_history" time="0.068" /><testcase classname="tests.backend_test.TestTurn10" name="test_vote_status_and_cast" time="0.475" /><testcase classname="tests.backend_test.TestAuth" name="test_me_requires_auth" time="0.116" /><testcase classname="tests.backend_test.TestTurn10" name="test_profile_update_persist" time="0.325" /><testcase classname="tests.backend_test.TestAuth" name="test_me_with_cookie" time="0.502" /><testcase classname="tests.backend_test.TestTurn10" name="test_exit_bonus_math" time="0.201" /><testcase classname="tests.backend_test.TestAuth" name="test_register_duplicate" time="0.167" /><testcase classname="tests.backend_test.TestTurn10" name="test_exit_bonus_values" time="0.400" /><testcase classname="tests.backend_test.TestAuth" name="test_register_new_and_login" time="0.750" /><testcase classname="tests.backend_test.TestReads" name="test_users_list" time="0.065" /><testcase classname="tests.backend_test.TestReads" name="test_positions_seeded" time="0.061" /><testcase classname="tests.backend_test.TestReads" name="test_rules_seeded" time="0.273" /><testcase classname="tests.backend_test.TestReads" name="test_leaderboard" time="0.063" /><testcase classname="tests.backend_test.TestMatches" name="test_matches_list" time="0.077" /><testcase classname="tests.backend_test.TestReads" name="test_patch_notes" time="0.065" /><testcase classname="tests.backend_test.TestMatches" name="test_create_match_too_few" time="0.145" /><testcase classname="tests.backend_test.TestRulesCRUD" name="test_create_and_delete_rule" time="0.209" /><testcase classname="tests.backend_test.TestMatches" name="test_create_match_duplicate_placement" time="0.178" /><testcase classname="tests.backend_test.TestRulesCRUD" name="test_cannot_delete_others_rule" time="0.581" /><testcase classname="tests.backend_test.TestMatches" name="test_create_match_and_comment" time="0.660" /><testcase classname="tests.backend_test.TestPatchNotes" name="test_add_patch_note" time="0.062" /><testcase classname="tests.backend_test.TestMatches" name="test_match_detail_has_rules" time="0.291" /></testsuite></testsuites>